This file contains any messages produced by compilers while
running configure, to aid debugging if configure makes a mistake.

It was created by atk configure 1.29.2, which was
generated by GNU Autoconf 2.64.  Invocation command line was

  $ ./configure --no-create --no-recursion

## --------- ##
## Platform. ##
## --------- ##

hostname = blackiii
uname -m = x86_64
uname -r = 3.5.0-17-generic
uname -s = Linux
uname -v = #28-Ubuntu SMP Tue Oct 9 19:31:23 UTC 2012

/usr/bin/uname -p = unknown
/bin/uname -X     = unknown

/bin/arch              = unknown
/usr/bin/arch -k       = unknown
/usr/convex/getsysinfo = unknown
/usr/bin/hostinfo      = unknown
/bin/machine           = unknown
/usr/bin/oslevel       = unknown
/bin/universe          = unknown

PATH: /usr/lib/lightdm/lightdm
PATH: /usr/local/sbin
PATH: /usr/local/bin
PATH: /usr/sbin
PATH: /usr/bin
PATH: /sbin
PATH: /bin
PATH: /usr/games
PATH: /usr/local/games


## ----------- ##
## Core tests. ##
## ----------- ##

configure:2414: checking for a BSD-compatible install
configure:2482: result: /usr/bin/install -c
configure:2493: checking whether build environment is sane
configure:2543: result: yes
configure:2684: checking for a thread-safe mkdir -p
configure:2723: result: /bin/mkdir -p
configure:2736: checking for gawk
configure:2766: result: no
configure:2736: checking for mawk
configure:2752: found /usr/bin/mawk
configure:2763: result: mawk
configure:2774: checking whether make sets $(MAKE)
configure:2796: result: yes
configure:2956: checking for gcc
configure:2972: found /usr/bin/gcc
configure:2983: result: gcc
configure:3212: checking for C compiler version
configure:3221: gcc --version >&5
gcc (Ubuntu/Linaro 4.7.2-2ubuntu1) 4.7.2
Copyright (C) 2012 Free Software Foundation, Inc.
This is free software; see the source for copying conditions.  There is NO
warranty; not even for MERCHANTABILITY or FITNESS FOR A PARTICULAR PURPOSE.

configure:3232: $? = 0
configure:3221: gcc -v >&5
Using built-in specs.
COLLECT_GCC=gcc
COLLECT_LTO_WRAPPER=/usr/lib/gcc/x86_64-linux-gnu/4.7/lto-wrapper
Target: x86_64-linux-gnu
Configured with: ../src/configure -v --with-pkgversion='Ubuntu/Linaro 4.7.2-2ubuntu1' --with-bugurl=file:///usr/share/doc/gcc-4.7/README.Bugs --enable-languages=c,c++,go,fortran,objc,obj-c++ --prefix=/usr --program-suffix=-4.7 --enable-shared --enable-linker-build-id --with-system-zlib --libexecdir=/usr/lib --without-included-gettext --enable-threads=posix --with-gxx-include-dir=/usr/include/c++/4.7 --libdir=/usr/lib --enable-nls --with-sysroot=/ --enable-clocale=gnu --enable-libstdcxx-debug --enable-libstdcxx-time=yes --enable-gnu-unique-object --enable-plugin --enable-objc-gc --disable-werror --with-arch-32=i686 --with-tune=generic --enable-checking=release --build=x86_64-linux-gnu --host=x86_64-linux-gnu --target=x86_64-linux-gnu
Thread model: posix
gcc version 4.7.2 (Ubuntu/Linaro 4.7.2-2ubuntu1) 
configure:3232: $? = 0
configure:3221: gcc -V >&5
gcc: error: unrecognized command line option '-V'
gcc: fatal error: no input files
compilation terminated.
configure:3232: $? = 4
configure:3221: gcc -qversion >&5
gcc: error: unrecognized command line option '-qversion'
gcc: fatal error: no input files
compilation terminated.
configure:3232: $? = 4
configure:3254: checking for C compiler default output file name
configure:3276: gcc    conftest.c  >&5
configure:3280: $? = 0
configure:3317: result: a.out
configure:3333: checking whether the C compiler works
configure:3342: ./a.out
configure:3346: $? = 0
configure:3361: result: yes
configure:3368: checking whether we are cross compiling
configure:3370: result: no
configure:3373: checking for suffix of executables
configure:3380: gcc -o conftest    conftest.c  >&5
configure:3384: $? = 0
configure:3406: result: 
configure:3412: checking for suffix of object files
configure:3434: gcc -c   conftest.c >&5
configure:3438: $? = 0
configure:3459: result: o
configure:3463: checking whether we are using the GNU C compiler
configure:3482: gcc -c   conftest.c >&5
configure:3482: $? = 0
configure:3491: result: yes
configure:3500: checking whether gcc accepts -g
configure:3520: gcc -c -g  conftest.c >&5
configure:3520: $? = 0
configure:3561: result: yes
configure:3578: checking for gcc option to accept ISO C89
configure:3642: gcc  -c -g -O2  conftest.c >&5
configure:3642: $? = 0
configure:3655: result: none needed
configure:3686: checking for style of include used by make
configure:3714: result: GNU
configure:3739: checking dependency style of gcc
configure:3849: result: gcc3
configure:3899: checking build system type
configure:3913: result: x86_64-unknown-linux-gnu
configure:3933: checking host system type
configure:3946: result: x86_64-unknown-linux-gnu
configure:4294: checking for a sed that does not truncate output
configure:4358: result: /bin/sed
configure:4376: checking for grep that handles long lines and -e
configure:4434: result: /bin/grep
configure:4439: checking for egrep
configure:4501: result: /bin/grep -E
configure:4506: checking for fgrep
configure:4568: result: /bin/grep -F
configure:4603: checking for ld used by gcc
configure:4670: result: /usr/bin/ld
configure:4677: checking if the linker (/usr/bin/ld) is GNU ld
configure:4692: result: yes
configure:4704: checking for BSD- or MS-compatible name lister (nm)
configure:4753: result: /usr/bin/nm -B
configure:4871: checking the name lister (/usr/bin/nm -B) interface
configure:4878: gcc -c -g -O2  conftest.c >&5
configure:4881: /usr/bin/nm -B "conftest.o"
configure:4884: output
0000000000000000 B some_variable
configure:4891: result: BSD nm
configure:4894: checking whether ln -s works
configure:4898: result: yes
configure:4906: checking the maximum length of command line arguments
configure:5026: result: 3458764513820540925
configure:5043: checking whether the shell understands some XSI constructs
configure:5053: result: yes
configure:5057: checking whether the shell understands "+="
configure:5063: result: no
configure:5098: checking for /usr/bin/ld option to reload object files
configure:5105: result: -r
configure:5174: checking for objdump
configure:5201: result: objdump
configure:5230: checking how to recognize dependent libraries
configure:5426: result: pass_all
configure:5486: checking for ar
configure:5502: found /usr/bin/ar
configure:5513: result: ar
configure:5591: checking for strip
configure:5607: found /usr/bin/strip
configure:5618: result: strip
configure:5690: checking for ranlib
configure:5706: found /usr/bin/ranlib
configure:5717: result: ranlib
configure:5807: checking command to parse /usr/bin/nm -B output from gcc object
configure:5925: gcc -c -g -O2  conftest.c >&5
configure:5928: $? = 0
configure:5932: /usr/bin/nm -B conftest.o \| sed -n -e 's/^.*[	 ]\([ABCDGIRSTW][ABCDGIRSTW]*\)[	 ][	 ]*\([_A-Za-z][_A-Za-z0-9]*\)$/  /p' \> conftest.nm
configure:5935: $? = 0
configure:5989: gcc -o conftest -g -O2   conftest.c conftstm.o >&5
configure:5992: $? = 0
configure:6030: result: ok
configure:6126: gcc -c -g -O2  conftest.c >&5
configure:6129: $? = 0
configure:6839: checking how to run the C preprocessor
configure:6870: gcc -E  conftest.c
configure:6870: $? = 0
configure:6884: gcc -E  conftest.c
conftest.c:12:28: fatal error: ac_nonexistent.h: No such file or directory
compilation terminated.
configure:6884: $? = 1
configure: failed program was:
| /* confdefs.h */
| #define PACKAGE_NAME "atk"
| #define PACKAGE_TARNAME "atk"
| #define PACKAGE_VERSION "1.29.2"
| #define PACKAGE_STRING "atk 1.29.2"
| #define PACKAGE_BUGREPORT "http://bugzilla.gnome.org/enter_bug.cgi?product=atk"
| #define PACKAGE_URL ""
| #define PACKAGE "atk"
| #define VERSION "1.29.2"
| #define GETTEXT_PACKAGE "atk10"
| /* end confdefs.h.  */
| #include <ac_nonexistent.h>
configure:6909: result: gcc -E
configure:6929: gcc -E  conftest.c
configure:6929: $? = 0
configure:6943: gcc -E  conftest.c
conftest.c:12:28: fatal error: ac_nonexistent.h: No such file or directory
compilation terminated.
configure:6943: $? = 1
configure: failed program was:
| /* confdefs.h */
| #define PACKAGE_NAME "atk"
| #define PACKAGE_TARNAME "atk"
| #define PACKAGE_VERSION "1.29.2"
| #define PACKAGE_STRING "atk 1.29.2"
| #define PACKAGE_BUGREPORT "http://bugzilla.gnome.org/enter_bug.cgi?product=atk"
| #define PACKAGE_URL ""
| #define PACKAGE "atk"
| #define VERSION "1.29.2"
| #define GETTEXT_PACKAGE "atk10"
| /* end confdefs.h.  */
| #include <ac_nonexistent.h>
configure:6972: checking for ANSI C header files
configure:6992: gcc -c -g -O2  conftest.c >&5
configure:6992: $? = 0
configure:7065: gcc -o conftest -g -O2   conftest.c  >&5
configure:7065: $? = 0
configure:7065: ./conftest
configure:7065: $? = 0
configure:7076: result: yes
configure:7089: checking for sys/types.h
configure:7089: gcc -c -g -O2  conftest.c >&5
configure:7089: $? = 0
configure:7089: result: yes
configure:7089: checking for sys/stat.h
configure:7089: gcc -c -g -O2  conftest.c >&5
configure:7089: $? = 0
configure:7089: result: yes
configure:7089: checking for stdlib.h
configure:7089: gcc -c -g -O2  conftest.c >&5
configure:7089: $? = 0
configure:7089: result: yes
configure:7089: checking for string.h
configure:7089: gcc -c -g -O2  conftest.c >&5
configure:7089: $? = 0
configure:7089: result: yes
configure:7089: checking for memory.h
configure:7089: gcc -c -g -O2  conftest.c >&5
configure:7089: $? = 0
configure:7089: result: yes
configure:7089: checking for strings.h
configure:7089: gcc -c -g -O2  conftest.c >&5
configure:7089: $? = 0
configure:7089: result: yes
configure:7089: checking for inttypes.h
configure:7089: gcc -c -g -O2  conftest.c >&5
configure:7089: $? = 0
configure:7089: result: yes
configure:7089: checking for stdint.h
configure:7089: gcc -c -g -O2  conftest.c >&5
configure:7089: $? = 0
configure:7089: result: yes
configure:7089: checking for unistd.h
configure:7089: gcc -c -g -O2  conftest.c >&5
configure:7089: $? = 0
configure:7089: result: yes
configure:7104: checking for dlfcn.h
configure:7104: gcc -c -g -O2  conftest.c >&5
configure:7104: $? = 0
configure:7104: result: yes
configure:7256: checking for objdir
configure:7271: result: .libs
configure:7563: checking if gcc supports -fno-rtti -fno-exceptions
configure:7581: gcc -c -g -O2  -fno-rtti -fno-exceptions conftest.c >&5
cc1: warning: command line option '-fno-rtti' is valid for C++/ObjC++ but not for C [enabled by default]
configure:7585: $? = 0
configure:7598: result: no
configure:7618: checking for gcc option to produce PIC
configure:7890: result: -fPIC -DPIC
configure:7902: checking if gcc PIC flag -fPIC -DPIC works
configure:7920: gcc -c -g -O2  -fPIC -DPIC -DPIC conftest.c >&5
configure:7924: $? = 0
configure:7937: result: yes
configure:7961: checking if gcc static flag -static works
configure:7989: result: yes
configure:8004: checking if gcc supports -c -o file.o
configure:8025: gcc -c -g -O2  -o out/conftest2.o conftest.c >&5
configure:8029: $? = 0
configure:8051: result: yes
configure:8059: checking if gcc supports -c -o file.o
configure:8106: result: yes
configure:8139: checking whether the gcc linker (/usr/bin/ld -m elf_x86_64) supports shared libraries
configure:9129: result: yes
configure:9166: checking whether -lc should be explicitly linked in
configure:9171: gcc -c -g -O2  conftest.c >&5
configure:9174: $? = 0
configure:9189: gcc -shared conftest.o  -v -Wl,-soname -Wl,conftest -o conftest 2\>\&1 \| /bin/grep  -lc  \>/dev/null 2\>\&1
configure:9192: $? = 0
configure:9204: result: no
configure:9368: checking dynamic linker characteristics
configure:9801: gcc -o conftest -g -O2   -Wl,-rpath -Wl,/foo conftest.c  >&5
configure:9801: $? = 0
configure:10031: result: GNU/Linux ld.so
configure:10133: checking how to hardcode library paths into programs
configure:10158: result: immediate
configure:10678: checking whether stripping libraries is possible
configure:10683: result: yes
configure:10718: checking if libtool supports shared libraries
configure:10720: result: yes
configure:10723: checking whether to build shared libraries
configure:10744: result: yes
configure:10747: checking whether to build static libraries
configure:10751: result: no
configure:10787: checking for some Win32 platform
configure:10797: result: no
configure:10808: checking for native Win32 platform
configure:10826: result: no
configure:10984: checking for aclocal flags
configure:10993: result: 
configure:11098: checking for pkg-config
configure:11116: found /usr/bin/pkg-config
configure:11128: result: /usr/bin/pkg-config
configure:11153: checking pkg-config is at least version 0.16
configure:11156: result: yes
configure:11174: checking for GLIB - version >= 2.0.0
configure:11288: gcc -o conftest -g -O2 -Wall -I/usr/include/glib-2.0 -I/usr/lib/x86_64-linux-gnu/glib-2.0/include    -DG_DISABLE_SINGLE_INCLUDES -DATK_DISABLE_SINGLE_INCLUDES  conftest.c -lgobject-2.0 -lglib-2.0    >&5
configure:11288: $? = 0
configure:11288: ./conftest
configure:11288: $? = 0
configure:11302: result: yes (version 2.34.1)
configure:11375: checking for DEP
configure:11383: $PKG_CONFIG --exists --print-errors "glib-2.0 >= $GLIB_REQUIRED_VERSION $GLIB_PACKAGES"
configure:11386: $? = 0
configure:11401: $PKG_CONFIG --exists --print-errors "glib-2.0 >= $GLIB_REQUIRED_VERSION $GLIB_PACKAGES"
configure:11404: $? = 0
configure:11446: result: yes
configure:11458: checking locale.h usability
configure:11458: gcc -c -g -O2 -Wall  -DG_DISABLE_SINGLE_INCLUDES -DATK_DISABLE_SINGLE_INCLUDES conftest.c >&5
configure:11458: $? = 0
configure:11458: result: yes
configure:11458: checking locale.h presence
configure:11458: gcc -E  -DG_DISABLE_SINGLE_INCLUDES -DATK_DISABLE_SINGLE_INCLUDES conftest.c
configure:11458: $? = 0
configure:11458: result: yes
configure:11458: checking for locale.h
configure:11458: result: yes
configure:11469: checking for LC_MESSAGES
configure:11485: gcc -o conftest -g -O2 -Wall  -DG_DISABLE_SINGLE_INCLUDES -DATK_DISABLE_SINGLE_INCLUDES  conftest.c  >&5
configure:11485: $? = 0
configure:11493: result: yes
configure:11510: checking libintl.h usability
configure:11510: gcc -c -g -O2 -Wall  -DG_DISABLE_SINGLE_INCLUDES -DATK_DISABLE_SINGLE_INCLUDES conftest.c >&5
configure:11510: $? = 0
configure:11510: result: yes
configure:11510: checking libintl.h presence
configure:11510: gcc -E  -DG_DISABLE_SINGLE_INCLUDES -DATK_DISABLE_SINGLE_INCLUDES conftest.c
configure:11510: $? = 0
configure:11510: result: yes
configure:11510: checking for libintl.h
configure:11510: result: yes
configure:11518: checking for ngettext in libc
configure:11536: gcc -o conftest -g -O2 -Wall  -DG_DISABLE_SINGLE_INCLUDES -DATK_DISABLE_SINGLE_INCLUDES  conftest.c  >&5
configure:11536: $? = 0
configure:11545: result: yes
configure:11549: checking for dgettext in libc
configure:11567: gcc -o conftest -g -O2 -Wall  -DG_DISABLE_SINGLE_INCLUDES -DATK_DISABLE_SINGLE_INCLUDES  conftest.c  >&5
configure:11567: $? = 0
configure:11576: result: yes
configure:11583: checking for bind_textdomain_codeset
configure:11583: gcc -o conftest -g -O2 -Wall  -DG_DISABLE_SINGLE_INCLUDES -DATK_DISABLE_SINGLE_INCLUDES  conftest.c  >&5
configure:11583: $? = 0
configure:11583: result: yes
configure:11859: checking for msgfmt
configure:11886: result: /usr/bin/msgfmt
configure:11897: checking for dcgettext
configure:11897: gcc -o conftest -g -O2 -Wall  -DG_DISABLE_SINGLE_INCLUDES -DATK_DISABLE_SINGLE_INCLUDES  conftest.c   >&5
conftest.c:51:6: warning: conflicting types for built-in function 'dcgettext' [enabled by default]
configure:11897: $? = 0
configure:11897: result: yes
configure:11907: checking if msgfmt accepts -c
configure:11922: $MSGFMT -c -o /dev/null conftest.foo
configure:11925: $? = 0
configure:11927: result: yes
configure:11937: checking for gmsgfmt
configure:11968: result: /usr/bin/msgfmt
configure:11978: checking for xgettext
configure:12005: result: /usr/bin/xgettext
configure:12024: gcc -o conftest -g -O2 -Wall  -DG_DISABLE_SINGLE_INCLUDES -DATK_DISABLE_SINGLE_INCLUDES  conftest.c   >&5
configure:12024: $? = 0
configure:12102: checking for catalogs to be installed
configure:12127: result:  af am ar as az be be@latin bg bn bn_IN bs ca ca@valencia cs cy da de dz el en_CA en_GB en@shaw eo es et eu fa fi fr ga gl gu he hi hr hu id is it ja ka kn ko ku li lt lv mai mk ml mn mr ms nb ne nl nn oc or pa pl ps pt pt_BR ro ru rw si sk sl sq sr sr@latin sr@ije sv ta te th tk tr tt ug uk vi wa xh yi zh_CN zh_HK zh_TW
configure:12162: checking for bind_textdomain_codeset
configure:12162: result: yes
configure:12205: checking whether to build gtk-doc documentation
configure:12207: result: no
configure:12214: checking for gtkdoc-check
configure:12247: result: no
configure:12281: checking for gawk
configure:12308: result: mawk
configure:12323: checking for perl5
configure:12353: result: no
configure:12323: checking for perl
configure:12339: found /usr/bin/perl
configure:12350: result: perl
configure:12512: creating ./config.status

## ---------------- ##
## Cache variables. ##
## ---------------- ##

ac_cv_atk_aclocal_flags=''
ac_cv_build='x86_64-unknown-linux-gnu'
ac_cv_c_compiler_gnu='yes'
ac_cv_env_CC_set=''
ac_cv_env_CC_value=''
ac_cv_env_CFLAGS_set=''
ac_cv_env_CFLAGS_value=''
ac_cv_env_CPPFLAGS_set=''
ac_cv_env_CPPFLAGS_value=''
ac_cv_env_CPP_set=''
ac_cv_env_CPP_value=''
ac_cv_env_DEP_CFLAGS_set=''
ac_cv_env_DEP_CFLAGS_value=''
ac_cv_env_DEP_LIBS_set=''
ac_cv_env_DEP_LIBS_value=''
ac_cv_env_LDFLAGS_set=''
ac_cv_env_LDFLAGS_value=''
ac_cv_env_LIBS_set=''
ac_cv_env_LIBS_value=''
ac_cv_env_PKG_CONFIG_set=''
ac_cv_env_PKG_CONFIG_value=''
ac_cv_env_build_alias_set=''
ac_cv_env_build_alias_value=''
ac_cv_env_host_alias_set=''
ac_cv_env_host_alias_value=''
ac_cv_env_target_alias_set=''
ac_cv_env_target_alias_value=''
ac_cv_func_bind_textdomain_codeset='yes'
ac_cv_func_dcgettext='yes'
ac_cv_header_dlfcn_h='yes'
ac_cv_header_inttypes_h='yes'
ac_cv_header_libintl_h='yes'
ac_cv_header_locale_h='yes'
ac_cv_header_memory_h='yes'
ac_cv_header_stdc='yes'
ac_cv_header_stdint_h='yes'
ac_cv_header_stdlib_h='yes'
ac_cv_header_string_h='yes'
ac_cv_header_strings_h='yes'
ac_cv_header_sys_stat_h='yes'
ac_cv_header_sys_types_h='yes'
ac_cv_header_unistd_h='yes'
ac_cv_host='x86_64-unknown-linux-gnu'
ac_cv_objext='o'
ac_cv_path_EGREP='/bin/grep -E'
ac_cv_path_FGREP='/bin/grep -F'
ac_cv_path_GMSGFMT='/usr/bin/msgfmt'
ac_cv_path_GREP='/bin/grep'
ac_cv_path_MSGFMT='/usr/bin/msgfmt'
ac_cv_path_SED='/bin/sed'
ac_cv_path_XGETTEXT='/usr/bin/xgettext'
ac_cv_path_ac_pt_PKG_CONFIG='/usr/bin/pkg-config'
ac_cv_path_install='/usr/bin/install -c'
ac_cv_path_mkdir='/bin/mkdir'
ac_cv_prog_AWK='mawk'
ac_cv_prog_CPP='gcc -E'
ac_cv_prog_PERL='perl'
ac_cv_prog_ac_ct_AR='ar'
ac_cv_prog_ac_ct_CC='gcc'
ac_cv_prog_ac_ct_OBJDUMP='objdump'
ac_cv_prog_ac_ct_RANLIB='ranlib'
ac_cv_prog_ac_ct_STRIP='strip'
ac_cv_prog_cc_c89=''
ac_cv_prog_cc_g='yes'
ac_cv_prog_make_make_set='yes'
am_cv_CC_dependencies_compiler_type='gcc3'
am_cv_val_LC_MESSAGES='yes'
gt_cv_func_dgettext_libc='yes'
gt_cv_func_dgettext_libintl='no'
gt_cv_func_ngettext_libc='yes'
gt_cv_have_gettext='yes'
lt_cv_deplibs_check_method='pass_all'
lt_cv_file_magic_cmd='$MAGIC_CMD'
lt_cv_file_magic_test_file=''
lt_cv_ld_reload_flag='-r'
lt_cv_nm_interface='BSD nm'
lt_cv_objdir='.libs'
lt_cv_path_LD='/usr/bin/ld'
lt_cv_path_NM='/usr/bin/nm -B'
lt_cv_prog_compiler_c_o='yes'
lt_cv_prog_compiler_pic_works='yes'
lt_cv_prog_compiler_rtti_exceptions='no'
lt_cv_prog_compiler_static_works='yes'
lt_cv_prog_gnu_ld='yes'
lt_cv_sys_global_symbol_pipe='sed -n -e '"'"'s/^.*[	 ]\([ABCDGIRSTW][ABCDGIRSTW]*\)[	 ][	 ]*\([_A-Za-z][_A-Za-z0-9]*\)$/\1 \2 \2/p'"'"
lt_cv_sys_global_symbol_to_c_name_address='sed -n -e '"'"'s/^: \([^ ]*\) $/  {\"\1\", (void *) 0},/p'"'"' -e '"'"'s/^[ABCDGIRSTW]* \([^ ]*\) \([^ ]*\)$/  {"\2", (void *) \&\2},/p'"'"
lt_cv_sys_global_symbol_to_c_name_address_lib_prefix='sed -n -e '"'"'s/^: \([^ ]*\) $/  {\"\1\", (void *) 0},/p'"'"' -e '"'"'s/^[ABCDGIRSTW]* \([^ ]*\) \(lib[^ ]*\)$/  {"\2", (void *) \&\2},/p'"'"' -e '"'"'s/^[ABCDGIRSTW]* \([^ ]*\) \([^ ]*\)$/  {"lib\2", (void *) \&\2},/p'"'"
lt_cv_sys_global_symbol_to_cdecl='sed -n -e '"'"'s/^T .* \(.*\)$/extern int \1();/p'"'"' -e '"'"'s/^[ABCDGIRSTW]* .* \(.*\)$/extern char \1;/p'"'"
lt_cv_sys_max_cmd_len='3458764513820540925'
pkg_cv_DEP_CFLAGS='-I/usr/include/glib-2.0 -I/usr/lib/x86_64-linux-gnu/glib-2.0/include  '
pkg_cv_DEP_LIBS='-lgobject-2.0 -lglib-2.0  '

## ----------------- ##
## Output variables. ##
## ----------------- ##

ACLOCAL='${SHELL} /home/qwazix/cordia/atk-1.29.2/missing --run aclocal-1.11 '
AMDEPBACKSLASH='\'
AMDEP_FALSE='#'
AMDEP_TRUE=''
AMTAR='${SHELL} /home/qwazix/cordia/atk-1.29.2/missing --run tar'
AR='ar'
AS='as'
ATK_API_VERSION='1.0'
ATK_BINARY_AGE='2912'
ATK_INTERFACE_AGE='1'
ATK_MAJOR_VERSION='1'
ATK_MICRO_VERSION='2'
ATK_MINOR_VERSION='29'
ATK_VERSION='1.29.2'
AUTOCONF='${SHELL} /home/qwazix/cordia/atk-1.29.2/missing --run autoconf'
AUTOHEADER='${SHELL} /home/qwazix/cordia/atk-1.29.2/missing --run autoheader'
AUTOMAKE='${SHELL} /home/qwazix/cordia/atk-1.29.2/missing --run automake-1.11'
AWK='mawk'
CATALOGS=' af.gmo am.gmo ar.gmo as.gmo az.gmo be.gmo be@latin.gmo bg.gmo bn.gmo bn_IN.gmo bs.gmo ca.gmo ca@valencia.gmo cs.gmo cy.gmo da.gmo de.gmo dz.gmo el.gmo en_CA.gmo en_GB.gmo en@shaw.gmo eo.gmo es.gmo et.gmo eu.gmo fa.gmo fi.gmo fr.gmo ga.gmo gl.gmo gu.gmo he.gmo hi.gmo hr.gmo hu.gmo id.gmo is.gmo it.gmo ja.gmo ka.gmo kn.gmo ko.gmo ku.gmo li.gmo lt.gmo lv.gmo mai.gmo mk.gmo ml.gmo mn.gmo mr.gmo ms.gmo nb.gmo ne.gmo nl.gmo nn.gmo oc.gmo or.gmo pa.gmo pl.gmo ps.gmo pt.gmo pt_BR.gmo ro.gmo ru.gmo rw.gmo si.gmo sk.gmo sl.gmo sq.gmo sr.gmo sr@latin.gmo sr@ije.gmo sv.gmo ta.gmo te.gmo th.gmo tk.gmo tr.gmo tt.gmo ug.gmo uk.gmo vi.gmo wa.gmo xh.gmo yi.gmo zh_CN.gmo zh_HK.gmo zh_TW.gmo'
CATOBJEXT='.gmo'
CC='gcc'
CCDEPMODE='depmode=gcc3'
CFLAGS='-g -O2 -Wall'
CPP='gcc -E'
CPPFLAGS=' -DG_DISABLE_SINGLE_INCLUDES -DATK_DISABLE_SINGLE_INCLUDES'
CYGPATH_W='echo'
DATADIRNAME='share'
DEFS='-DHAVE_CONFIG_H'
DEPDIR='.deps'
DEP_CFLAGS='-pthread -I/usr/include/glib-2.0 -I/usr/lib/x86_64-linux-gnu/glib-2.0/include  '
DEP_LIBS='-lgobject-2.0 -lglib-2.0  '
DLLTOOL='dlltool'
DSYMUTIL=''
DUMPBIN=''
ECHO_C=''
ECHO_N='-n'
ECHO_T=''
EGREP='/bin/grep -E'
ENABLE_GTK_DOC_FALSE=''
ENABLE_GTK_DOC_TRUE='#'
EXEEXT=''
FGREP='/bin/grep -F'
GETTEXT_PACKAGE='atk10'
GLIB_CFLAGS='-I/usr/include/glib-2.0 -I/usr/lib/x86_64-linux-gnu/glib-2.0/include  '
GLIB_GENMARSHAL='glib-genmarshal'
GLIB_LIBS='-lgobject-2.0 -lglib-2.0  '
GLIB_MKENUMS='glib-mkenums'
GLIB_PACKAGES='gobject-2.0'
GLIB_REQUIRED_VERSION='2.0.0'
GMOFILES=' af.gmo am.gmo ar.gmo as.gmo az.gmo be.gmo be@latin.gmo bg.gmo bn.gmo bn_IN.gmo bs.gmo ca.gmo ca@valencia.gmo cs.gmo cy.gmo da.gmo de.gmo dz.gmo el.gmo en_CA.gmo en_GB.gmo en@shaw.gmo eo.gmo es.gmo et.gmo eu.gmo fa.gmo fi.gmo fr.gmo ga.gmo gl.gmo gu.gmo he.gmo hi.gmo hr.gmo hu.gmo id.gmo is.gmo it.gmo ja.gmo ka.gmo kn.gmo ko.gmo ku.gmo li.gmo lt.gmo lv.gmo mai.gmo mk.gmo ml.gmo mn.gmo mr.gmo ms.gmo nb.gmo ne.gmo nl.gmo nn.gmo oc.gmo or.gmo pa.gmo pl.gmo ps.gmo pt.gmo pt_BR.gmo ro.gmo ru.gmo rw.gmo si.gmo sk.gmo sl.gmo sq.gmo sr.gmo sr@latin.gmo sr@ije.gmo sv.gmo ta.gmo te.gmo th.gmo tk.gmo tr.gmo tt.gmo ug.gmo uk.gmo vi.gmo wa.gmo xh.gmo yi.gmo zh_CN.gmo zh_HK.gmo zh_TW.gmo'
GMSGFMT='/usr/bin/msgfmt'
GOBJECT_QUERY='gobject-query'
GREP='/bin/grep'
GTKDOC_CHECK=''
GTK_DOC_USE_LIBTOOL_FALSE='#'
GTK_DOC_USE_LIBTOOL_TRUE=''
HTML_DIR='${datadir}/gtk-doc/html'
INSTALL_DATA='${INSTALL} -m 644'
INSTALL_PROGRAM='${INSTALL}'
INSTALL_SCRIPT='${INSTALL}'
INSTALL_STRIP_PROGRAM='$(install_sh) -c -s'
INSTOBJEXT='.mo'
INTLLIBS=''
LD='/usr/bin/ld -m elf_x86_64'
LDFLAGS=''
LIBOBJS=''
LIBS=''
LIBTOOL='$(SHELL) $(top_builddir)/libtool'
LIB_EXE_MACHINE_FLAG=''
LIPO=''
LN_S='ln -s'
LTLIBOBJS=''
LT_CURRENT_MINUS_AGE='0'
LT_VERSION_INFO='2911:1:2911'
MAKEINFO='${SHELL} /home/qwazix/cordia/atk-1.29.2/missing --run makeinfo'
MKDIR_P='/bin/mkdir -p'
MKINSTALLDIRS='./mkinstalldirs'
MSGFMT='/usr/bin/msgfmt'
MSGFMT_OPTS='-c'
MS_LIB_AVAILABLE_FALSE=''
MS_LIB_AVAILABLE_TRUE='#'
NM='/usr/bin/nm -B'
NMEDIT=''
OBJDUMP='objdump'
OBJEXT='o'
OS_WIN32_FALSE=''
OS_WIN32_TRUE='#'
OTOOL64=''
OTOOL=''
PACKAGE='atk'
PACKAGE_BUGREPORT='http://bugzilla.gnome.org/enter_bug.cgi?product=atk'
PACKAGE_NAME='atk'
PACKAGE_STRING='atk 1.29.2'
PACKAGE_TARNAME='atk'
PACKAGE_URL=''
PACKAGE_VERSION='1.29.2'
PATH_SEPARATOR=':'
PERL='perl'
PKG_CONFIG='/usr/bin/pkg-config'
PLATFORM_WIN32_FALSE=''
PLATFORM_WIN32_TRUE='#'
POFILES=' af.po am.po ar.po as.po az.po be.po be@latin.po bg.po bn.po bn_IN.po bs.po ca.po ca@valencia.po cs.po cy.po da.po de.po dz.po el.po en_CA.po en_GB.po en@shaw.po eo.po es.po et.po eu.po fa.po fi.po fr.po ga.po gl.po gu.po he.po hi.po hr.po hu.po id.po is.po it.po ja.po ka.po kn.po ko.po ku.po li.po lt.po lv.po mai.po mk.po ml.po mn.po mr.po ms.po nb.po ne.po nl.po nn.po oc.po or.po pa.po pl.po ps.po pt.po pt_BR.po ro.po ru.po rw.po si.po sk.po sl.po sq.po sr.po sr@latin.po sr@ije.po sv.po ta.po te.po th.po tk.po tr.po tt.po ug.po uk.po vi.po wa.po xh.po yi.po zh_CN.po zh_HK.po zh_TW.po'
POSUB='po'
PO_IN_DATADIR_FALSE=''
PO_IN_DATADIR_TRUE=''
RANLIB='ranlib'
REBUILD=''
SED='/bin/sed'
SET_MAKE=''
SHELL='/bin/sh'
STRIP='strip'
USE_NLS='yes'
VERSION='1.29.2'
WINDRES=''
XGETTEXT='/usr/bin/xgettext'
ac_ct_CC='gcc'
ac_ct_DUMPBIN=''
am__EXEEXT_FALSE=''
am__EXEEXT_TRUE='#'
am__fastdepCC_FALSE='#'
am__fastdepCC_TRUE=''
am__include='include'
am__isrc=''
am__leading_dot='.'
am__quote=''
am__tar='${AMTAR} chof - "$$tardir"'
am__untar='${AMTAR} xf -'
bindir='${exec_prefix}/bin'
build='x86_64-unknown-linux-gnu'
build_alias=''
build_cpu='x86_64'
build_os='linux-gnu'
build_vendor='unknown'
datadir='${datarootdir}'
datarootdir='${prefix}/share'
docdir='${datarootdir}/doc/${PACKAGE_TARNAME}'
dvidir='${docdir}'
exec_prefix='${prefix}'
host='x86_64-unknown-linux-gnu'
host_alias=''
host_cpu='x86_64'
host_os='linux-gnu'
host_vendor='unknown'
htmldir='${docdir}'
includedir='${prefix}/include'
infodir='${datarootdir}/info'
install_sh='${SHELL} /home/qwazix/cordia/atk-1.29.2/install-sh'
libdir='${exec_prefix}/lib'
libexecdir='${exec_prefix}/libexec'
localedir='${datarootdir}/locale'
localstatedir='${prefix}/var'
lt_ECHO='/bin/echo'
mandir='${datarootdir}/man'
mkdir_p='/bin/mkdir -p'
ms_librarian=''
oldincludedir='/usr/include'
pdfdir='${docdir}'
prefix='/usr/local'
program_transform_name='s,x,x,'
psdir='${docdir}'
sbindir='${exec_prefix}/sbin'
sharedstatedir='${prefix}/com'
sysconfdir='${prefix}/etc'
target_alias=''

## ----------- ##
## confdefs.h. ##
## ----------- ##

/* confdefs.h */
#define PACKAGE_NAME "atk"
#define PACKAGE_TARNAME "atk"
#define PACKAGE_VERSION "1.29.2"
#define PACKAGE_STRING "atk 1.29.2"
#define PACKAGE_BUGREPORT "http://bugzilla.gnome.org/enter_bug.cgi?product=atk"
#define PACKAGE_URL ""
#define PACKAGE "atk"
#define VERSION "1.29.2"
#define GETTEXT_PACKAGE "atk10"
#define STDC_HEADERS 1
#define HAVE_SYS_TYPES_H 1
#define HAVE_SYS_STAT_H 1
#define HAVE_STDLIB_H 1
#define HAVE_STRING_H 1
#define HAVE_MEMORY_H 1
#define HAVE_STRINGS_H 1
#define HAVE_INTTYPES_H 1
#define HAVE_STDINT_H 1
#define HAVE_UNISTD_H 1
#define HAVE_DLFCN_H 1
#define LT_OBJDIR ".libs/"
#define HAVE_LOCALE_H 1
#define HAVE_LC_MESSAGES 1
#define HAVE_BIND_TEXTDOMAIN_CODESET 1
#define HAVE_GETTEXT 1
#define HAVE_DCGETTEXT 1
#define ENABLE_NLS 1
#define HAVE_BIND_TEXTDOMAIN_CODESET 1

configure: exit 0

## ---------------------- ##
## Running config.status. ##
## ---------------------- ##

This file was extended by atk config.status 1.29.2, which was
generated by GNU Autoconf 2.64.  Invocation command line was

  CONFIG_FILES    = 
  CONFIG_HEADERS  = 
  CONFIG_LINKS    = 
  CONFIG_COMMANDS = 
  $ ./config.status 

on blackiii

config.status:13723: creating Makefile
config.status:13723: creating po/Makefile.in
config.status:13723: creating atk.pc
config.status:13723: creating atk-uninstalled.pc
config.status:13723: creating atk/Makefile
config.status:13723: creating atk/atk.rc
config.status:13723: creating tests/Makefile
config.status:13723: creating docs/Makefile
config.status:13723: creating docs/version.xml
config.status:13723: creating atk.spec
config.status:13723: creating atk-zip.sh
config.status:13723: creating config.h
config.status:13901: config.h is unchanged
config.status:13949: executing depfiles commands
config.status:13949: executing libtool commands
config.status:13949: executing default-1 commands
